==================2013-03-19 18:22:16 UTC==================
#WARNING: Trial-96: INVALID value in 'evid' cache.
#WARNING: Trial-96: INVALID value in 'ml' cache.
#WARNING: Trial-96: INVALID value in 'dist' cache.
==================2013-03-19 18:44:03 UTC==================
#WARNING: Trial-96: INVALID value in 'evid' cache.
#WARNING: Trial-96: INVALID value in 'ml' cache.
#WARNING: Trial-96: INVALID value in 'dist' cache.
#WARNING: evid 15189073 already exists, skipping. May want to investigate.
#WARNING: evid 15189281 already exists, skipping. May want to investigate.
#WARNING: evid 15199593 already exists, skipping. May want to investigate.
#WARNING: evid 37088484 already exists, skipping. May want to investigate.
#WARNING: evid 15199681 already exists, skipping. May want to investigate.
#WARNING: evid 15199689 already exists, skipping. May want to investigate.
#WARNING: evid 15199721 already exists, skipping. May want to investigate.
#WARNING: evid 15200401 already exists, skipping. May want to investigate.
#WARNING: evid 37088500 already exists, skipping. May want to investigate.
#WARNING: evid 15200489 already exists, skipping. May want to investigate.
#WARNING: evid 15201297 already exists, skipping. May want to investigate.
#WARNING: evid 15201537 already exists, skipping. May want to investigate.
#WARNING: evid 15202921 already exists, skipping. May want to investigate.
#WARNING: evid 15204969 already exists, skipping. May want to investigate.
#WARNING: evid 15207433 already exists, skipping. May want to investigate.
#WARNING: evid 15223417 already exists, skipping. May want to investigate.
#WARNING: evid 15226257 already exists, skipping. May want to investigate.
#WARNING: evid 15263753 already exists, skipping. May want to investigate.
==================2013-03-19 18:54:14 UTC==================
#WARNING: Trial-96: INVALID value in 'evid' cache.
#WARNING: Trial-96: INVALID value in 'ml' cache.
#WARNING: Trial-96: INVALID value in 'dist' cache.
#WARNING: evid 15189073 already exists, skipping. May want to investigate.
#WARNING: evid 15189281 already exists, skipping. May want to investigate.
#WARNING: evid 15199593 already exists, skipping. May want to investigate.
#WARNING: evid 37088484 already exists, skipping. May want to investigate.
#WARNING: evid 15199681 already exists, skipping. May want to investigate.
#WARNING: evid 15199689 already exists, skipping. May want to investigate.
#WARNING: evid 15199721 already exists, skipping. May want to investigate.
#WARNING: evid 15200401 already exists, skipping. May want to investigate.
#WARNING: evid 37088500 already exists, skipping. May want to investigate.
#WARNING: evid 15200489 already exists, skipping. May want to investigate.
#WARNING: evid 15201297 already exists, skipping. May want to investigate.
#WARNING: evid 15201537 already exists, skipping. May want to investigate.
#WARNING: evid 15202921 already exists, skipping. May want to investigate.
#WARNING: evid 15204969 already exists, skipping. May want to investigate.
#WARNING: evid 15207433 already exists, skipping. May want to investigate.
#WARNING: evid 15223417 already exists, skipping. May want to investigate.
#WARNING: evid 15226257 already exists, skipping. May want to investigate.
#WARNING: evid 15263753 already exists, skipping. May want to investigate.
#INFO: CREATING Trial #126 created at /REST/Project/Experiment/592/Trial/27660/Repetition/32050  SOURCE: hub_interface.place_full_trial
SB_GVDA_HNN_04_15267105.msd posted to None. Status: 200. Reply: https://neesws.neeshub.org:9443/REST/DataFile/4125606
SB_GVDA_HNE_01_15267105.msd posted to None. Status: 200. Reply: https://neesws.neeshub.org:9443/REST/DataFile/4125609
SB_GVDA_HNN_04_15267105.txt posted to None. Status: 200. Reply: https://neesws.neeshub.org:9443/REST/DataFile/4125608
SB_GVDA_HNE_01_15267105.txt posted to None. Status: 200. Reply: https://neesws.neeshub.org:9443/REST/DataFile/4125610
SB_GVDA_HNN_08_15267105.msd posted to None. Status: 200. Reply: https://neesws.neeshub.org:9443/REST/DataFile/4125611
SB_GVDA_HNN_08_15267105.txt posted to None. Status: 200. Reply: https://neesws.neeshub.org:9443/REST/DataFile/4125612
SB_GVDA_HDD_47_15267105.msd posted to None. Status: 200. Reply: https://neesws.neeshub.org:9443/REST/DataFile/4125613
SB_GVDA_HDD_47_15267105.txt posted to None. Status: 200. Reply: https://neesws.neeshub.org:9443/REST/DataFile/4125614
SB_GVDA_HDD_63_15267105.msd posted to None. Status: 200. Reply: https://neesws.neeshub.org:9443/REST/DataFile/4125615
SB_GVDA_HDD_63_15267105.txt posted to None. Status: 200. Reply: https://neesws.neeshub.org:9443/REST/DataFile/4125616
SB_GVDA_HJN_21_15267105.msd posted to None. Status: 200. Reply: https://neesws.neeshub.org:9443/REST/DataFile/4125617
SB_GVDA_HJN_21_15267105.txt posted to None. Status: 200. Reply: https://neesws.neeshub.org:9443/REST/DataFile/4125618
SB_GVDA_HNN_05_15267105.msd posted to None. Status: 200. Reply: https://neesws.neeshub.org:9443/REST/DataFile/4125619
SB_GVDA_HNN_05_15267105.txt posted to None. Status: 200. Reply: https://neesws.neeshub.org:9443/REST/DataFile/4125620
SB_GVDA_HDD_60_15267105.msd posted to None. Status: 200. Reply: https://neesws.neeshub.org:9443/REST/DataFile/4125621
SB_GVDA_HDD_60_15267105.txt posted to None. Status: 200. Reply: https://neesws.neeshub.org:9443/REST/DataFile/4125622
SB_GVDA_HNN_07_15267105.msd posted to None. Status: 200. Reply: https://neesws.neeshub.org:9443/REST/DataFile/4125623
SB_GVDA_HNN_07_15267105.txt posted to None. Status: 200. Reply: https://neesws.neeshub.org:9443/REST/DataFile/4125624
SB_GVAR_HNE_01_15267105.msd posted to None. Status: 200. Reply: https://neesws.neeshub.org:9443/REST/DataFile/4125625
SB_GVAR_HNE_01_15267105.txt posted to None. Status: 200. Reply: https://neesws.neeshub.org:9443/REST/DataFile/4125626
SB_GVDA_HNZ_05_15267105.msd posted to None. Status: 200. Reply: https://neesws.neeshub.org:9443/REST/DataFile/4125627
SB_GVDA_HNZ_05_15267105.txt posted to None. Status: 200. Reply: https://neesws.neeshub.org:9443/REST/DataFile/4125628
SB_GVDA_HNE_06_15267105.msd posted to None. Status: 200. Reply: https://neesws.neeshub.org:9443/REST/DataFile/4125629
SB_GVDA_HNE_06_15267105.txt posted to None. Status: 200. Reply: https://neesws.neeshub.org:9443/REST/DataFile/4125630
SB_GVDA_HNZ_12_15267105.msd posted to None. Status: 200. Reply: https://neesws.neeshub.org:9443/REST/DataFile/4125631
SB_GVDA_HNZ_12_15267105.txt posted to None. Status: 200. Reply: https://neesws.neeshub.org:9443/REST/DataFile/4125633
SB_GVDA_HNE_04_15267105.msd posted to None. Status: 200. Reply: https://neesws.neeshub.org:9443/REST/DataFile/4125634
SB_GVDA_HNE_04_15267105.txt posted to None. Status: 200. Reply: https://neesws.neeshub.org:9443/REST/DataFile/4125635
SB_GVDA_HNZ_10_15267105.msd posted to None. Status: 200. Reply: https://neesws.neeshub.org:9443/REST/DataFile/4125636
SB_GVDA_HNZ_10_15267105.txt posted to None. Status: 200. Reply: https://neesws.neeshub.org:9443/REST/DataFile/4125638
SB_GVDA_HNE_09_15267105.msd posted to None. Status: 200. Reply: https://neesws.neeshub.org:9443/REST/DataFile/4125639
SB_GVDA_HNE_09_15267105.txt posted to None. Status: 200. Reply: https://neesws.neeshub.org:9443/REST/DataFile/4125640
SB_GVDA_HNE_02_15267105.msd posted to None. Status: 200. Reply: https://neesws.neeshub.org:9443/REST/DataFile/4125641
SB_GVDA_HNE_02_15267105.txt posted to None. Status: 200. Reply: https://neesws.neeshub.org:9443/REST/DataFile/4125643
SB_GVDA_HNZ_09_15267105.msd posted to None. Status: 200. Reply: https://neesws.neeshub.org:9443/REST/DataFile/4125644
SB_GVDA_HNZ_09_15267105.txt posted to None. Status: 200. Reply: https://neesws.neeshub.org:9443/REST/DataFile/4125646
SB_GVDA_HDD_48_15267105.msd posted to None. Status: 200. Reply: https://neesws.neeshub.org:9443/REST/DataFile/4125647
SB_GVDA_HDD_48_15267105.txt posted to None. Status: 200. Reply: https://neesws.neeshub.org:9443/REST/DataFile/4125648
SB_GVDA_HNE_03_15267105.msd posted to None. Status: 200. Reply: https://neesws.neeshub.org:9443/REST/DataFile/4125649
SB_GVDA_HNE_03_15267105.txt posted to None. Status: 200. Reply: https://neesws.neeshub.org:9443/REST/DataFile/4125650
SB_GVDA_HNE_10_15267105.msd posted to None. Status: 200. Reply: https://neesws.neeshub.org:9443/REST/DataFile/4125651
SB_GVDA_HNE_10_15267105.txt posted to None. Status: 200. Reply: https://neesws.neeshub.org:9443/REST/DataFile/4125653
SB_GVDA_HNE_07_15267105.msd posted to None. Status: 200. Reply: https://neesws.neeshub.org:9443/REST/DataFile/4125654
SB_GVDA_HNE_07_15267105.txt posted to None. Status: 200. Reply: https://neesws.neeshub.org:9443/REST/DataFile/4125655
SB_GVDA_HNZ_02_15267105.msd posted to None. Status: 200. Reply: https://neesws.neeshub.org:9443/REST/DataFile/4125656
SB_GVDA_HNZ_02_15267105.txt posted to None. Status: 200. Reply: https://neesws.neeshub.org:9443/REST/DataFile/4125658
SB_GVDA_HDD_61_15267105.msd posted to None. Status: 200. Reply: https://neesws.neeshub.org:9443/REST/DataFile/4125659
SB_GVDA_HDD_61_15267105.txt posted to None. Status: 200. Reply: https://neesws.neeshub.org:9443/REST/DataFile/4125660
SB_GVDA_HNN_02_15267105.msd posted to None. Status: 200. Reply: https://neesws.neeshub.org:9443/REST/DataFile/4125661
SB_GVDA_HNN_02_15267105.txt posted to None. Status: 200. Reply: https://neesws.neeshub.org:9443/REST/DataFile/4125662
SB_GVDA_HJE_21_15267105.msd posted to None. Status: 200. Reply: https://neesws.neeshub.org:9443/REST/DataFile/4125663
SB_GVDA_HJE_21_15267105.txt posted to None. Status: 200. Reply: https://neesws.neeshub.org:9443/REST/DataFile/4125664
YN_GVAR_HHZ_15267105.msd posted to None. Status: 200. Reply: https://neesws.neeshub.org:9443/REST/DataFile/4125665
YN_GVAR_HHZ_15267105.txt posted to None. Status: 200. Reply: https://neesws.neeshub.org:9443/REST/DataFile/4125666
SB_GVDA_HNN_09_15267105.msd posted to None. Status: 200. Reply: https://neesws.neeshub.org:9443/REST/DataFile/4125667
SB_GVDA_HNN_09_15267105.txt posted to None. Status: 200. Reply: https://neesws.neeshub.org:9443/REST/DataFile/4125668
SB_GVDA_HNE_08_15267105.msd posted to None. Status: 200. Reply: https://neesws.neeshub.org:9443/REST/DataFile/4125669
SB_GVDA_HNE_08_15267105.txt posted to None. Status: 200. Reply: https://neesws.neeshub.org:9443/REST/DataFile/4125670
SB_GVDA_HNZ_00_15267105.msd posted to None. Status: 200. Reply: https://neesws.neeshub.org:9443/REST/DataFile/4125671
SB_GVDA_HNZ_00_15267105.txt posted to None. Status: 200. Reply: https://neesws.neeshub.org:9443/REST/DataFile/4125672
SB_GVDA_HNN_00_15267105.msd posted to None. Status: 200. Reply: https://neesws.neeshub.org:9443/REST/DataFile/4125673
SB_GVDA_HNN_00_15267105.txt posted to None. Status: 200. Reply: https://neesws.neeshub.org:9443/REST/DataFile/4125674
SB_GVDA_HDO_69_15267105.msd posted to None. Status: 200. Reply: https://neesws.neeshub.org:9443/REST/DataFile/4125675
SB_GVDA_HDO_69_15267105.txt posted to None. Status: 200. Reply: https://neesws.neeshub.org:9443/REST/DataFile/4125676
SB_GVDA_HDD_43_15267105.msd posted to None. Status: 200. Reply: https://neesws.neeshub.org:9443/REST/DataFile/4125677
SB_GVDA_HDD_43_15267105.txt posted to None. Status: 200. Reply: https://neesws.neeshub.org:9443/REST/DataFile/4125678
SB_GVDA_HNN_12_15267105.msd posted to None. Status: 200. Reply: https://neesws.neeshub.org:9443/REST/DataFile/4125679
SB_GVDA_HNN_12_15267105.txt posted to None. Status: 200. Reply: https://neesws.neeshub.org:9443/REST/DataFile/4125680
SB_GVDA_HDD_44_15267105.msd posted to None. Status: 200. Reply: https://neesws.neeshub.org:9443/REST/DataFile/4125681
SB_GVDA_HDD_44_15267105.txt posted to None. Status: 200. Reply: https://neesws.neeshub.org:9443/REST/DataFile/4125682
SB_GVDA_HNN_01_15267105.msd posted to None. Status: 200. Reply: https://neesws.neeshub.org:9443/REST/DataFile/4125683
SB_GVDA_HNN_01_15267105.txt posted to None. Status: 200. Reply: https://neesws.neeshub.org:9443/REST/DataFile/4125684
SB_GVDA_HNE_00_15267105.msd posted to None. Status: 200. Reply: https://neesws.neeshub.org:9443/REST/DataFile/4125685
SB_GVDA_HNE_00_15267105.txt posted to None. Status: 200. Reply: https://neesws.neeshub.org:9443/REST/DataFile/4125686
SB_GVDA_HDD_70_15267105.msd posted to None. Status: 200. Reply: https://neesws.neeshub.org:9443/REST/DataFile/4125687
SB_GVDA_HDD_70_15267105.txt posted to None. Status: 200. Reply: https://neesws.neeshub.org:9443/REST/DataFile/4125688
SB_GVDA_HJZ_21_15267105.msd posted to None. Status: 200. Reply: https://neesws.neeshub.org:9443/REST/DataFile/4125689
SB_GVDA_HJZ_21_15267105.txt posted to None. Status: 200. Reply: https://neesws.neeshub.org:9443/REST/DataFile/4125690
SB_GVDA_HDD_62_15267105.msd posted to None. Status: 200. Reply: https://neesws.neeshub.org:9443/REST/DataFile/4125691
SB_GVDA_HDD_62_15267105.txt posted to None. Status: 200. Reply: https://neesws.neeshub.org:9443/REST/DataFile/4125692
SB_GVDA_HNZ_01_15267105.msd posted to None. Status: 200. Reply: https://neesws.neeshub.org:9443/REST/DataFile/4125693
SB_GVDA_HNZ_01_15267105.txt posted to None. Status: 200. Reply: https://neesws.neeshub.org:9443/REST/DataFile/4125694
SB_GVDA_HNZ_06_15267105.msd posted to None. Status: 200. Reply: https://neesws.neeshub.org:9443/REST/DataFile/4125695
SB_GVDA_HNZ_06_15267105.txt posted to None. Status: 200. Reply: https://neesws.neeshub.org:9443/REST/DataFile/4125696
SB_GVDA_HNZ_03_15267105.msd posted to None. Status: 200. Reply: https://neesws.neeshub.org:9443/REST/DataFile/4125697
SB_GVDA_HNZ_03_15267105.txt posted to None. Status: 200. Reply: https://neesws.neeshub.org:9443/REST/DataFile/4125698
SB_GVAR_HNZ_00_15267105.msd posted to None. Status: 200. Reply: https://neesws.neeshub.org:9443/REST/DataFile/4125699
SB_GVAR_HNZ_00_15267105.txt posted to None. Status: 200. Reply: https://neesws.neeshub.org:9443/REST/DataFile/4125700
SB_GVAR_HNN_00_15267105.msd posted to None. Status: 200. Reply: https://neesws.neeshub.org:9443/REST/DataFile/4125701
SB_GVAR_HNN_00_15267105.txt posted to None. Status: 200. Reply: https://neesws.neeshub.org:9443/REST/DataFile/4125702
SB_GVDA_HDD_46_15267105.msd posted to None. Status: 200. Reply: https://neesws.neeshub.org:9443/REST/DataFile/4125703
SB_GVDA_HDD_46_15267105.txt posted to None. Status: 200. Reply: https://neesws.neeshub.org:9443/REST/DataFile/4125704
SB_GVDA_HDD_45_15267105.msd posted to None. Status: 200. Reply: https://neesws.neeshub.org:9443/REST/DataFile/4125705
SB_GVDA_HDD_45_15267105.txt posted to None. Status: 200. Reply: https://neesws.neeshub.org:9443/REST/DataFile/4125706
SB_GVDA_HNN_06_15267105.msd posted to None. Status: 200. Reply: https://neesws.neeshub.org:9443/REST/DataFile/4125707
SB_GVDA_HNN_06_15267105.txt posted to None. Status: 200. Reply: https://neesws.neeshub.org:9443/REST/DataFile/4125708
SB_GVDA_HNN_10_15267105.msd posted to None. Status: 200. Reply: https://neesws.neeshub.org:9443/REST/DataFile/4125709
SB_GVDA_HNN_10_15267105.txt posted to None. Status: 200. Reply: https://neesws.neeshub.org:9443/REST/DataFile/4125710
YN_GVAR_HHE_15267105.msd posted to None. Status: 200. Reply: https://neesws.neeshub.org:9443/REST/DataFile/4125711
YN_GVAR_HHE_15267105.txt posted to None. Status: 200. Reply: https://neesws.neeshub.org:9443/REST/DataFile/4125712
SB_GVDA_HNZ_04_15267105.msd posted to None. Status: 200. Reply: https://neesws.neeshub.org:9443/REST/DataFile/4125713
SB_GVDA_HNZ_04_15267105.txt posted to None. Status: 200. Reply: https://neesws.neeshub.org:9443/REST/DataFile/4125714
SB_GVAR_HNN_01_15267105.msd posted to None. Status: 200. Reply: https://neesws.neeshub.org:9443/REST/DataFile/4125715
SB_GVAR_HNN_01_15267105.txt posted to None. Status: 200. Reply: https://neesws.neeshub.org:9443/REST/DataFile/4125716
SB_GVDA_HDD_65_15267105.msd posted to None. Status: 200. Reply: https://neesws.neeshub.org:9443/REST/DataFile/4125717
SB_GVDA_HDD_65_15267105.txt posted to None. Status: 200. Reply: https://neesws.neeshub.org:9443/REST/DataFile/4125718
SB_GVDA_HNN_03_15267105.msd posted to None. Status: 200. Reply: https://neesws.neeshub.org:9443/REST/DataFile/4125719
SB_GVDA_HNN_03_15267105.txt posted to None. Status: 200. Reply: https://neesws.neeshub.org:9443/REST/DataFile/4125720
SB_GVAR_HNE_00_15267105.msd posted to None. Status: 200. Reply: https://neesws.neeshub.org:9443/REST/DataFile/4125721
SB_GVAR_HNE_00_15267105.txt posted to None. Status: 200. Reply: https://neesws.neeshub.org:9443/REST/DataFile/4125722
SB_GVDA_HNZ_08_15267105.msd posted to None. Status: 400. Reply: Index: 0, Size: 0
SB_GVDA_HNZ_08_15267105.txt posted to None. Status: 200. Reply: https://neesws.neeshub.org:9443/REST/DataFile/4125723
SB_GVDA_HNZ_07_15267105.msd posted to None. Status: 200. Reply: https://neesws.neeshub.org:9443/REST/DataFile/4125724
SB_GVDA_HNZ_07_15267105.txt posted to None. Status: 200. Reply: https://neesws.neeshub.org:9443/REST/DataFile/4125725
SB_GVDA_HNE_12_15267105.msd posted to None. Status: 200. Reply: https://neesws.neeshub.org:9443/REST/DataFile/4125726
SB_GVDA_HNE_12_15267105.txt posted to None. Status: 200. Reply: https://neesws.neeshub.org:9443/REST/DataFile/4125727
SB_GVAR_HNZ_01_15267105.msd posted to None. Status: 200. Reply: https://neesws.neeshub.org:9443/REST/DataFile/4125728
SB_GVAR_HNZ_01_15267105.txt posted to None. Status: 200. Reply: https://neesws.neeshub.org:9443/REST/DataFile/4125729
SB_GVDA_HNE_05_15267105.msd posted to None. Status: 200. Reply: https://neesws.neeshub.org:9443/REST/DataFile/4125730
SB_GVDA_HNE_05_15267105.txt posted to None. Status: 200. Reply: https://neesws.neeshub.org:9443/REST/DataFile/4125731
YN_GVAR_HHN_15267105.msd posted to None. Status: 200. Reply: https://neesws.neeshub.org:9443/REST/DataFile/4125732
YN_GVAR_HHN_15267105.txt posted to None. Status: 200. Reply: https://neesws.neeshub.org:9443/REST/DataFile/4125733
#INFO: DONE
